<?xml version="1.0" encoding="UTF-8"?>
<!-- Generated by org.testng.reporters.JUnitReportReporter -->
<testsuite hostname="DESKTOP-1L8ST9R" failures="0" tests="1" name="com.base.BaseCLass" time="11.230" errors="0" timestamp="2023-04-14T13:23:09 IST" skipped="0">
  <testcase classname="com.base.BaseCLass" name="initialization" time="11.230"/>
  <system-out/>
</testsuite> <!-- com.base.BaseCLass -->
