<?xml version="1.0" encoding="UTF-8"?>
<!-- Generated by org.testng.reporters.JUnitReportReporter -->
<testsuite hostname="DESKTOP-1L8ST9R" failures="0" tests="1" name="Test.DashBoardPage_Test" time="2.571" errors="0" timestamp="2023-05-11T23:23:19 IST" skipped="0">
  <testcase classname="Test.DashBoardPage_Test" name="veryfying_all_the_links" time="2.571"/>
  <system-out/>
</testsuite> <!-- Test.DashBoardPage_Test -->
